[debug] [2017-09-05T16:09:25.560Z] ----------------------------------------------------------------------
[debug] [2017-09-05T16:09:25.563Z] Command:       /Users/deast/.nvm/versions/node/v6.11.1/bin/node /Users/deast/.nvm/versions/node/v6.11.1/bin/firebase serve --only functions,hosting
[debug] [2017-09-05T16:09:25.563Z] CLI Version:   3.9.2
[debug] [2017-09-05T16:09:25.563Z] Platform:      darwin
[debug] [2017-09-05T16:09:25.563Z] Node Version:  v6.11.1
[debug] [2017-09-05T16:09:25.564Z] Time:          Tue Sep 05 2017 10:09:25 GMT-0600 (MDT)
[debug] [2017-09-05T16:09:25.564Z] ----------------------------------------------------------------------
[debug] 
[debug] [2017-09-05T16:09:25.575Z] > command requires scopes: ["email","openid","https://www.googleapis.com/auth/cloudplatformprojects.readonly","https://www.googleapis.com/auth/firebase","https://www.googleapis.com/auth/cloud-platform"]
[debug] [2017-09-05T16:09:25.576Z] > authorizing via signed-in user
[debug] [2017-09-05T16:09:25.578Z] >>> HTTP REQUEST GET https://admin.firebase.com/v1/projects/non-ssr-shoeniversal  
 Tue Sep 05 2017 10:09:25 GMT-0600 (MDT)
[debug] [2017-09-05T16:09:26.065Z] <<< HTTP RESPONSE 200
[debug] [2017-09-05T16:09:26.068Z] >>> HTTP REQUEST GET https://admin.firebase.com/v1/database/non-ssr-shoeniversal/tokens  
 Tue Sep 05 2017 10:09:26 GMT-0600 (MDT)
[debug] [2017-09-05T16:09:26.517Z] <<< HTTP RESPONSE 200
[info] 
[info] === Serving from '/Users/deast/Documents/oss/shoeniversal'...
[info] 
[info] i  functions: Preparing to emulate HTTPS functions. Support for other event types coming soon.
[debug] [2017-09-05T16:09:27.104Z] >>> HTTP REQUEST GET https://appengine.googleapis.com/v1/apps/non-ssr-shoeniversal  
 Tue Sep 05 2017 10:09:27 GMT-0600 (MDT)
[debug] [2017-09-05T16:09:27.105Z] >>> HTTP REQUEST GET https://apikeys.googleapis.com/v1/projects/non-ssr-shoeniversal/apiKeys  
 Tue Sep 05 2017 10:09:27 GMT-0600 (MDT)
[debug] [2017-09-05T16:09:27.106Z] >>> HTTP REQUEST GET https://cloudresourcemanager.googleapis.com/v1/projects/non-ssr-shoeniversal  
 Tue Sep 05 2017 10:09:27 GMT-0600 (MDT)
[debug] [2017-09-05T16:09:27.320Z] <<< HTTP RESPONSE 200
[debug] [2017-09-05T16:09:27.372Z] <<< HTTP RESPONSE 200
[debug] [2017-09-05T16:09:27.373Z] >>> HTTP REQUEST GET https://mobilesdk-pa.googleapis.com/v1/projects/863330978472/clients/_:getWebAppConfig  
 Tue Sep 05 2017 10:09:27 GMT-0600 (MDT)
[debug] [2017-09-05T16:09:27.522Z] <<< HTTP RESPONSE 200
[debug] [2017-09-05T16:09:27.672Z] <<< HTTP RESPONSE 200
[info] i  hosting: Serving hosting files from: static
[info] ✔  hosting: Local server: http://localhost:5000

[info] ✔  functions: ssrapp: http://localhost:5001/non-ssr-shoeniversal/us-central1/ssrapp
